0 info it worked if it ends with ok
1 verbose cli [ '/usr/local/Cellar/node/5.11.0/bin/node',
1 verbose cli   '/usr/local/bin/npm',
1 verbose cli   'install',
1 verbose cli   'python-shell' ]
2 info using npm@3.8.6
3 info using node@v5.11.0
4 silly loadCurrentTree Starting
5 silly install loadCurrentTree
6 silly install readLocalPackageData
7 silly fetchPackageMetaData python-shell
8 silly fetchNamedPackageData python-shell
9 silly mapToRegistry name python-shell
10 silly mapToRegistry using default registry
11 silly mapToRegistry registry https://registry.npmjs.org/
12 silly mapToRegistry data Result {
12 silly mapToRegistry   raw: 'python-shell',
12 silly mapToRegistry   scope: null,
12 silly mapToRegistry   name: 'python-shell',
12 silly mapToRegistry   rawSpec: '',
12 silly mapToRegistry   spec: 'latest',
12 silly mapToRegistry   type: 'tag' }
13 silly mapToRegistry uri https://registry.npmjs.org/python-shell
14 verbose request uri https://registry.npmjs.org/python-shell
15 verbose request no auth needed
16 info attempt registry request try #1 at 6:44:57 PM
17 verbose request id 225aa11aba68f525
18 http request GET https://registry.npmjs.org/python-shell
19 http 200 https://registry.npmjs.org/python-shell
20 verbose headers { server: 'CouchDB/1.5.0 (Erlang OTP/R16B03)',
20 verbose headers   etag: '"8M320I10Q2KF03DA9W8KVUUYF"',
20 verbose headers   'content-type': 'application/json',
20 verbose headers   'content-encoding': 'gzip',
20 verbose headers   'cache-control': 'max-age=300',
20 verbose headers   'content-length': '5386',
20 verbose headers   'accept-ranges': 'bytes',
20 verbose headers   date: 'Thu, 12 May 2016 22:44:57 GMT',
20 verbose headers   via: '1.1 varnish',
20 verbose headers   age: '0',
20 verbose headers   connection: 'keep-alive',
20 verbose headers   'x-served-by': 'cache-iad2122-IAD',
20 verbose headers   'x-cache': 'HIT',
20 verbose headers   'x-cache-hits': '1',
20 verbose headers   'x-timer': 'S1463093097.295514,VS0,VE75',
20 verbose headers   vary: 'Accept-Encoding' }
21 silly get cb [ 200,
21 silly get   { server: 'CouchDB/1.5.0 (Erlang OTP/R16B03)',
21 silly get     etag: '"8M320I10Q2KF03DA9W8KVUUYF"',
21 silly get     'content-type': 'application/json',
21 silly get     'content-encoding': 'gzip',
21 silly get     'cache-control': 'max-age=300',
21 silly get     'content-length': '5386',
21 silly get     'accept-ranges': 'bytes',
21 silly get     date: 'Thu, 12 May 2016 22:44:57 GMT',
21 silly get     via: '1.1 varnish',
21 silly get     age: '0',
21 silly get     connection: 'keep-alive',
21 silly get     'x-served-by': 'cache-iad2122-IAD',
21 silly get     'x-cache': 'HIT',
21 silly get     'x-cache-hits': '1',
21 silly get     'x-timer': 'S1463093097.295514,VS0,VE75',
21 silly get     vary: 'Accept-Encoding' } ]
22 verbose get saving python-shell to /Users/perriadams/.npm/registry.npmjs.org/python-shell/.cache.json
23 verbose correctMkdir /Users/perriadams/.npm correctMkdir not in flight; initializing
24 silly install normalizeTree
25 silly loadCurrentTree Finishing
26 silly loadIdealTree Starting
27 silly install loadIdealTree
28 silly cloneCurrentTree Starting
29 silly install cloneCurrentTreeToIdealTree
30 silly cloneCurrentTree Finishing
31 silly loadShrinkwrap Starting
32 silly install loadShrinkwrap
33 silly loadShrinkwrap Finishing
34 silly loadAllDepsIntoIdealTree Starting
35 silly install loadAllDepsIntoIdealTree
36 silly resolveWithNewModule python-shell@0.4.0 checking installable status
37 silly cache add args [ 'python-shell', null ]
38 verbose cache add spec python-shell
39 silly cache add parsed spec Result {
39 silly cache add   raw: 'python-shell',
39 silly cache add   scope: null,
39 silly cache add   name: 'python-shell',
39 silly cache add   rawSpec: '',
39 silly cache add   spec: 'latest',
39 silly cache add   type: 'tag' }
40 silly addNamed python-shell@latest
41 verbose addNamed "latest" is being treated as a dist-tag for python-shell
42 info addNameTag [ 'python-shell', 'latest' ]
43 silly mapToRegistry name python-shell
44 silly mapToRegistry using default registry
45 silly mapToRegistry registry https://registry.npmjs.org/
46 silly mapToRegistry data Result {
46 silly mapToRegistry   raw: 'python-shell',
46 silly mapToRegistry   scope: null,
46 silly mapToRegistry   name: 'python-shell',
46 silly mapToRegistry   rawSpec: '',
46 silly mapToRegistry   spec: 'latest',
46 silly mapToRegistry   type: 'tag' }
47 silly mapToRegistry uri https://registry.npmjs.org/python-shell
48 verbose addNameTag registry:https://registry.npmjs.org/python-shell not in flight; fetching
49 verbose get https://registry.npmjs.org/python-shell not expired, no request
50 silly addNameTag next cb for python-shell with tag latest
51 silly addNamed python-shell@0.4.0
52 verbose addNamed "0.4.0" is a plain semver version for python-shell
53 silly mapToRegistry name python-shell
54 silly mapToRegistry using default registry
55 silly mapToRegistry registry https://registry.npmjs.org/
56 silly mapToRegistry data Result {
56 silly mapToRegistry   raw: 'python-shell',
56 silly mapToRegistry   scope: null,
56 silly mapToRegistry   name: 'python-shell',
56 silly mapToRegistry   rawSpec: '',
56 silly mapToRegistry   spec: 'latest',
56 silly mapToRegistry   type: 'tag' }
57 silly mapToRegistry uri https://registry.npmjs.org/python-shell
58 verbose addRemoteTarball https://registry.npmjs.org/python-shell/-/python-shell-0.4.0.tgz not in flight; adding
59 verbose addRemoteTarball [ 'https://registry.npmjs.org/python-shell/-/python-shell-0.4.0.tgz',
59 verbose addRemoteTarball   '259c5470d885292b22e906a57b085f651752f956' ]
60 info retry fetch attempt 1 at 6:44:57 PM
61 info attempt registry request try #1 at 6:44:57 PM
62 http fetch GET https://registry.npmjs.org/python-shell/-/python-shell-0.4.0.tgz
63 http fetch 200 https://registry.npmjs.org/python-shell/-/python-shell-0.4.0.tgz
64 silly fetchAndShaCheck shasum 259c5470d885292b22e906a57b085f651752f956
65 verbose addTmpTarball /var/folders/xb/cwcvpnv96zlg9f9gvrq0xpxh0000gn/T/npm-17065-bfe244d3/registry.npmjs.org/python-shell/-/python-shell-0.4.0.tgz not in flight; adding
66 verbose addTmpTarball already have metadata; skipping unpack for python-shell@0.4.0
67 verbose correctMkdir /Users/perriadams/.npm correctMkdir not in flight; initializing
68 silly cache afterAdd python-shell@0.4.0
69 verbose afterAdd /Users/perriadams/.npm/python-shell/0.4.0/package/package.json not in flight; writing
70 verbose correctMkdir /Users/perriadams/.npm correctMkdir not in flight; initializing
71 verbose afterAdd /Users/perriadams/.npm/python-shell/0.4.0/package/package.json written
72 silly fetchNamedPackageData pcap
73 silly mapToRegistry name pcap
74 silly mapToRegistry using default registry
75 silly mapToRegistry registry https://registry.npmjs.org/
76 silly mapToRegistry data Result {
76 silly mapToRegistry   raw: 'pcap',
76 silly mapToRegistry   scope: null,
76 silly mapToRegistry   name: 'pcap',
76 silly mapToRegistry   rawSpec: '',
76 silly mapToRegistry   spec: 'latest',
76 silly mapToRegistry   type: 'tag' }
77 silly mapToRegistry uri https://registry.npmjs.org/pcap
78 verbose request uri https://registry.npmjs.org/pcap
79 verbose request no auth needed
80 info attempt registry request try #1 at 6:44:57 PM
81 verbose etag "8LRZY27ADZT7D8CRV41G3SL7L"
82 http request GET https://registry.npmjs.org/pcap
83 http 304 https://registry.npmjs.org/pcap
84 verbose headers { date: 'Thu, 12 May 2016 22:44:57 GMT',
84 verbose headers   via: '1.1 varnish',
84 verbose headers   'cache-control': 'max-age=300',
84 verbose headers   etag: '"8LRZY27ADZT7D8CRV41G3SL7L"',
84 verbose headers   age: '0',
84 verbose headers   connection: 'keep-alive',
84 verbose headers   'x-served-by': 'cache-iad2122-IAD',
84 verbose headers   'x-cache': 'MISS',
84 verbose headers   'x-cache-hits': '0',
84 verbose headers   'x-timer': 'S1463093097.643778,VS0,VE432',
84 verbose headers   vary: 'Accept-Encoding' }
85 silly get cb [ 304,
85 silly get   { date: 'Thu, 12 May 2016 22:44:57 GMT',
85 silly get     via: '1.1 varnish',
85 silly get     'cache-control': 'max-age=300',
85 silly get     etag: '"8LRZY27ADZT7D8CRV41G3SL7L"',
85 silly get     age: '0',
85 silly get     connection: 'keep-alive',
85 silly get     'x-served-by': 'cache-iad2122-IAD',
85 silly get     'x-cache': 'MISS',
85 silly get     'x-cache-hits': '0',
85 silly get     'x-timer': 'S1463093097.643778,VS0,VE432',
85 silly get     vary: 'Accept-Encoding' } ]
86 verbose etag https://registry.npmjs.org/pcap from cache
87 verbose get saving pcap to /Users/perriadams/.npm/registry.npmjs.org/pcap/.cache.json
88 verbose correctMkdir /Users/perriadams/.npm correctMkdir not in flight; initializing
89 silly resolveWithNewModule pcap@2.0.1 checking installable status
90 silly cache add args [ 'pcap@^2.0.1', null ]
91 verbose cache add spec pcap@^2.0.1
92 silly cache add parsed spec Result {
92 silly cache add   raw: 'pcap@^2.0.1',
92 silly cache add   scope: null,
92 silly cache add   name: 'pcap',
92 silly cache add   rawSpec: '^2.0.1',
92 silly cache add   spec: '>=2.0.1 <3.0.0',
92 silly cache add   type: 'range' }
93 silly addNamed pcap@>=2.0.1 <3.0.0
94 verbose addNamed ">=2.0.1 <3.0.0" is a valid semver range for pcap
95 silly addNameRange { name: 'pcap', range: '>=2.0.1 <3.0.0', hasData: false }
96 silly mapToRegistry name pcap
97 silly mapToRegistry using default registry
98 silly mapToRegistry registry https://registry.npmjs.org/
99 silly mapToRegistry data Result {
99 silly mapToRegistry   raw: 'pcap',
99 silly mapToRegistry   scope: null,
99 silly mapToRegistry   name: 'pcap',
99 silly mapToRegistry   rawSpec: '',
99 silly mapToRegistry   spec: 'latest',
99 silly mapToRegistry   type: 'tag' }
100 silly mapToRegistry uri https://registry.npmjs.org/pcap
101 verbose addNameRange registry:https://registry.npmjs.org/pcap not in flight; fetching
102 verbose get https://registry.npmjs.org/pcap not expired, no request
103 silly addNameRange number 2 { name: 'pcap', range: '>=2.0.1 <3.0.0', hasData: true }
104 silly addNameRange versions [ 'pcap',
104 silly addNameRange   [ '0.0.2',
104 silly addNameRange     '0.0.3',
104 silly addNameRange     '0.0.4',
104 silly addNameRange     '0.0.5',
104 silly addNameRange     '0.0.6',
104 silly addNameRange     '0.0.7',
104 silly addNameRange     '0.1.1',
104 silly addNameRange     '0.1.4',
104 silly addNameRange     '0.1.5',
104 silly addNameRange     '0.1.6',
104 silly addNameRange     '0.1.7',
104 silly addNameRange     '0.1.8',
104 silly addNameRange     '0.1.9',
104 silly addNameRange     '0.2.0',
104 silly addNameRange     '0.2.1',
104 silly addNameRange     '0.2.2',
104 silly addNameRange     '0.2.3',
104 silly addNameRange     '0.2.4',
104 silly addNameRange     '0.2.6',
104 silly addNameRange     '0.2.7',
104 silly addNameRange     '0.2.8',
104 silly addNameRange     '0.3.0',
104 silly addNameRange     '0.3.1',
104 silly addNameRange     '0.3.2',
104 silly addNameRange     '0.3.3',
104 silly addNameRange     '0.4.0',
104 silly addNameRange     '0.4.1',
104 silly addNameRange     '1.0.0',
104 silly addNameRange     '1.0.1',
104 silly addNameRange     '1.1.0',
104 silly addNameRange     '1.2.0',
104 silly addNameRange     '2.0.0',
104 silly addNameRange     '2.0.1' ] ]
105 silly addNamed pcap@2.0.1
106 verbose addNamed "2.0.1" is a plain semver version for pcap
107 silly cache afterAdd pcap@2.0.1
108 verbose afterAdd /Users/perriadams/.npm/pcap/2.0.1/package/package.json not in flight; writing
109 verbose correctMkdir /Users/perriadams/.npm correctMkdir not in flight; initializing
110 verbose afterAdd /Users/perriadams/.npm/pcap/2.0.1/package/package.json written
111 silly fetchOtherPackageData socketwatcher@git://github.com/zerouid/node-socketwatcher.git
112 silly cache add args [ 'socketwatcher@git://github.com/zerouid/node-socketwatcher.git',
112 silly cache add   null ]
113 verbose cache add spec socketwatcher@git://github.com/zerouid/node-socketwatcher.git
114 silly cache add parsed spec Result {
114 silly cache add   raw: 'socketwatcher@git://github.com/zerouid/node-socketwatcher.git',
114 silly cache add   scope: null,
114 silly cache add   name: 'socketwatcher',
114 silly cache add   rawSpec: 'git://github.com/zerouid/node-socketwatcher.git',
114 silly cache add   spec: 'git://github.com/zerouid/node-socketwatcher.git',
114 silly cache add   type: 'hosted',
114 silly cache add   hosted:
114 silly cache add    { type: 'github',
114 silly cache add      ssh: 'git@github.com:zerouid/node-socketwatcher.git',
114 silly cache add      sshUrl: 'git+ssh://git@github.com/zerouid/node-socketwatcher.git',
114 silly cache add      httpsUrl: 'git+https://github.com/zerouid/node-socketwatcher.git',
114 silly cache add      gitUrl: 'git://github.com/zerouid/node-socketwatcher.git',
114 silly cache add      shortcut: 'github:zerouid/node-socketwatcher',
114 silly cache add      directUrl: 'https://raw.githubusercontent.com/zerouid/node-socketwatcher/master/package.json' } }
115 verbose addRemoteGit caching git://github.com/zerouid/node-socketwatcher.git
116 verbose addRemoteGit git://github.com/zerouid/node-socketwatcher.git is a repository hosted by github
117 silly tryClone cloning git://github.com/zerouid/node-socketwatcher.git via git://github.com/zerouid/node-socketwatcher.git
118 verbose tryClone git-github-com-zerouid-node-socketwatcher-git-0fe8b101 not in flight; caching
119 verbose correctMkdir /Users/perriadams/.npm/_git-remotes correctMkdir not in flight; initializing
120 info git [ 'config', '--get', 'remote.origin.url' ]
121 silly validateExistingRemote git://github.com/zerouid/node-socketwatcher.git remote.origin.url: git://github.com/zerouid/node-socketwatcher.git
122 verbose validateExistingRemote git://github.com/zerouid/node-socketwatcher.git is updating existing cached remote /Users/perriadams/.npm/_git-remotes/git-github-com-zerouid-node-socketwatcher-git-0fe8b101
123 info git [ 'fetch', '-a', 'origin' ]
124 verbose updateRemote git fetch -a origin (git://github.com/zerouid/node-socketwatcher.git)
125 verbose correctMkdir /Users/perriadams/.npm/_git-remotes correctMkdir not in flight; initializing
126 verbose setPermissions git://github.com/zerouid/node-socketwatcher.git set permissions on /Users/perriadams/.npm/_git-remotes/git-github-com-zerouid-node-socketwatcher-git-0fe8b101
127 verbose resolveHead git://github.com/zerouid/node-socketwatcher.git original treeish: master
128 info git [ 'rev-list', '-n1', 'master' ]
129 silly resolveHead git://github.com/zerouid/node-socketwatcher.git resolved treeish: 9fdfdd2dda2518ee4bfc7ab1f3d4c65b702d5b9d
130 verbose resolveHead git://github.com/zerouid/node-socketwatcher.git resolved Git URL: git://github.com/zerouid/node-socketwatcher.git#9fdfdd2dda2518ee4bfc7ab1f3d4c65b702d5b9d
131 silly resolveHead Git working directory: /var/folders/xb/cwcvpnv96zlg9f9gvrq0xpxh0000gn/T/npm-17065-bfe244d3/git-cache-6512dbc0/9fdfdd2dda2518ee4bfc7ab1f3d4c65b702d5b9d
132 info git [ 'clone',
132 info git   '/Users/perriadams/.npm/_git-remotes/git-github-com-zerouid-node-socketwatcher-git-0fe8b101',
132 info git   '/var/folders/xb/cwcvpnv96zlg9f9gvrq0xpxh0000gn/T/npm-17065-bfe244d3/git-cache-6512dbc0/9fdfdd2dda2518ee4bfc7ab1f3d4c65b702d5b9d' ]
133 verbose cloneResolved git://github.com/zerouid/node-socketwatcher.git clone Cloning into '/var/folders/xb/cwcvpnv96zlg9f9gvrq0xpxh0000gn/T/npm-17065-bfe244d3/git-cache-6512dbc0/9fdfdd2dda2518ee4bfc7ab1f3d4c65b702d5b9d'...
133 verbose cloneResolved done.
134 info git [ 'checkout', '9fdfdd2dda2518ee4bfc7ab1f3d4c65b702d5b9d' ]
135 verbose checkoutTreeish git://github.com/zerouid/node-socketwatcher.git checkout Note: checking out '9fdfdd2dda2518ee4bfc7ab1f3d4c65b702d5b9d'.
135 verbose checkoutTreeish
135 verbose checkoutTreeish You are in 'detached HEAD' state. You can look around, make experimental
135 verbose checkoutTreeish changes and commit them, and you can discard any commits you make in this
135 verbose checkoutTreeish state without impacting any branches by performing another checkout.
135 verbose checkoutTreeish
135 verbose checkoutTreeish If you want to create a new branch to retain commits you create, you may
135 verbose checkoutTreeish do so (now or later) by using -b with the checkout command again. Example:
135 verbose checkoutTreeish
135 verbose checkoutTreeish   git checkout -b <new-branch-name>
135 verbose checkoutTreeish
135 verbose checkoutTreeish HEAD is now at 9fdfdd2... NaN 1.7.0
136 info git [ 'submodule', '-q', 'update', '--init', '--recursive' ]
137 verbose updateSubmodules git://github.com/zerouid/node-socketwatcher.git submodule update
138 verbose addLocalDirectory /Users/perriadams/.npm/socketwatcher/0.2.1/package.tgz not in flight; packing
139 verbose correctMkdir /Users/perriadams/.npm correctMkdir not in flight; initializing
140 verbose tar pack [ '/Users/perriadams/.npm/socketwatcher/0.2.1/package.tgz',
140 verbose tar pack   '/var/folders/xb/cwcvpnv96zlg9f9gvrq0xpxh0000gn/T/npm-17065-bfe244d3/git-cache-6512dbc0/9fdfdd2dda2518ee4bfc7ab1f3d4c65b702d5b9d' ]
141 verbose tarball /Users/perriadams/.npm/socketwatcher/0.2.1/package.tgz
142 verbose folder /var/folders/xb/cwcvpnv96zlg9f9gvrq0xpxh0000gn/T/npm-17065-bfe244d3/git-cache-6512dbc0/9fdfdd2dda2518ee4bfc7ab1f3d4c65b702d5b9d
143 verbose addLocalTarball adding from inside cache /Users/perriadams/.npm/socketwatcher/0.2.1/package.tgz
144 verbose correctMkdir /Users/perriadams/.npm correctMkdir not in flight; initializing
145 verbose addRemoteGit data._from: git://github.com/zerouid/node-socketwatcher.git
146 verbose addRemoteGit data._resolved: git://github.com/zerouid/node-socketwatcher.git#9fdfdd2dda2518ee4bfc7ab1f3d4c65b702d5b9d
147 silly cache afterAdd socketwatcher@0.2.1
148 verbose afterAdd /Users/perriadams/.npm/socketwatcher/0.2.1/package/package.json not in flight; writing
149 verbose correctMkdir /Users/perriadams/.npm correctMkdir not in flight; initializing
150 verbose afterAdd /Users/perriadams/.npm/socketwatcher/0.2.1/package/package.json written
151 silly resolveWithNewModule socketwatcher@0.2.1 checking installable status
152 silly fetchNamedPackageData nan
153 silly mapToRegistry name nan
154 silly mapToRegistry using default registry
155 silly mapToRegistry registry https://registry.npmjs.org/
156 silly mapToRegistry data Result {
156 silly mapToRegistry   raw: 'nan',
156 silly mapToRegistry   scope: null,
156 silly mapToRegistry   name: 'nan',
156 silly mapToRegistry   rawSpec: '',
156 silly mapToRegistry   spec: 'latest',
156 silly mapToRegistry   type: 'tag' }
157 silly mapToRegistry uri https://registry.npmjs.org/nan
158 verbose request uri https://registry.npmjs.org/nan
159 verbose request no auth needed
160 info attempt registry request try #1 at 6:44:58 PM
161 verbose etag "24B26O57Z0ASCDVIYEYKA8KVW"
162 http request GET https://registry.npmjs.org/nan
163 http 304 https://registry.npmjs.org/nan
164 verbose headers { date: 'Thu, 12 May 2016 22:44:58 GMT',
164 verbose headers   via: '1.1 varnish',
164 verbose headers   'cache-control': 'max-age=300',
164 verbose headers   etag: '"24B26O57Z0ASCDVIYEYKA8KVW"',
164 verbose headers   age: '181',
164 verbose headers   connection: 'keep-alive',
164 verbose headers   'x-served-by': 'cache-iad2122-IAD',
164 verbose headers   'x-cache': 'HIT',
164 verbose headers   'x-cache-hits': '2',
164 verbose headers   'x-timer': 'S1463093098.428792,VS0,VE0',
164 verbose headers   vary: 'Accept-Encoding' }
165 silly get cb [ 304,
165 silly get   { date: 'Thu, 12 May 2016 22:44:58 GMT',
165 silly get     via: '1.1 varnish',
165 silly get     'cache-control': 'max-age=300',
165 silly get     etag: '"24B26O57Z0ASCDVIYEYKA8KVW"',
165 silly get     age: '181',
165 silly get     connection: 'keep-alive',
165 silly get     'x-served-by': 'cache-iad2122-IAD',
165 silly get     'x-cache': 'HIT',
165 silly get     'x-cache-hits': '2',
165 silly get     'x-timer': 'S1463093098.428792,VS0,VE0',
165 silly get     vary: 'Accept-Encoding' } ]
166 verbose etag https://registry.npmjs.org/nan from cache
167 verbose get saving nan to /Users/perriadams/.npm/registry.npmjs.org/nan/.cache.json
168 verbose correctMkdir /Users/perriadams/.npm correctMkdir not in flight; initializing
169 silly resolveWithNewModule nan@1.7.0 checking installable status
170 silly cache add args [ 'nan@~1.7.0', null ]
171 verbose cache add spec nan@~1.7.0
172 silly cache add parsed spec Result {
172 silly cache add   raw: 'nan@~1.7.0',
172 silly cache add   scope: null,
172 silly cache add   name: 'nan',
172 silly cache add   rawSpec: '~1.7.0',
172 silly cache add   spec: '>=1.7.0 <1.8.0',
172 silly cache add   type: 'range' }
173 silly addNamed nan@>=1.7.0 <1.8.0
174 verbose addNamed ">=1.7.0 <1.8.0" is a valid semver range for nan
175 silly addNameRange { name: 'nan', range: '>=1.7.0 <1.8.0', hasData: false }
176 silly mapToRegistry name nan
177 silly mapToRegistry using default registry
178 silly mapToRegistry registry https://registry.npmjs.org/
179 silly mapToRegistry data Result {
179 silly mapToRegistry   raw: 'nan',
179 silly mapToRegistry   scope: null,
179 silly mapToRegistry   name: 'nan',
179 silly mapToRegistry   rawSpec: '',
179 silly mapToRegistry   spec: 'latest',
179 silly mapToRegistry   type: 'tag' }
180 silly mapToRegistry uri https://registry.npmjs.org/nan
181 verbose addNameRange registry:https://registry.npmjs.org/nan not in flight; fetching
182 verbose get https://registry.npmjs.org/nan not expired, no request
183 silly addNameRange number 2 { name: 'nan', range: '>=1.7.0 <1.8.0', hasData: true }
184 silly addNameRange versions [ 'nan',
184 silly addNameRange   [ '0.3.0-wip',
184 silly addNameRange     '0.3.0-wip2',
184 silly addNameRange     '0.3.0',
184 silly addNameRange     '0.3.1',
184 silly addNameRange     '0.3.2',
184 silly addNameRange     '0.4.0',
184 silly addNameRange     '0.4.1',
184 silly addNameRange     '0.4.2',
184 silly addNameRange     '0.4.3',
184 silly addNameRange     '0.4.4',
184 silly addNameRange     '0.5.0',
184 silly addNameRange     '0.5.1',
184 silly addNameRange     '0.5.2',
184 silly addNameRange     '0.6.0',
184 silly addNameRange     '0.7.0',
184 silly addNameRange     '0.7.1',
184 silly addNameRange     '0.8.0',
184 silly addNameRange     '1.0.0',
184 silly addNameRange     '1.1.0',
184 silly addNameRange     '1.1.1',
184 silly addNameRange     '1.1.2',
184 silly addNameRange     '1.2.0',
184 silly addNameRange     '1.3.0',
184 silly addNameRange     '1.4.0',
184 silly addNameRange     '1.4.1',
184 silly addNameRange     '1.5.0',
184 silly addNameRange     '1.4.2',
184 silly addNameRange     '1.4.3',
184 silly addNameRange     '1.5.1',
184 silly addNameRange     '1.5.2',
184 silly addNameRange     '1.6.0',
184 silly addNameRange     '1.5.3',
184 silly addNameRange     '1.6.1',
184 silly addNameRange     '1.6.2',
184 silly addNameRange     '1.7.0',
184 silly addNameRange     '1.8.0',
184 silly addNameRange     '1.8.1',
184 silly addNameRange     '1.8.2',
184 silly addNameRange     '1.8.3',
184 silly addNameRange     '1.8.4',
184 silly addNameRange     '1.9.0',
184 silly addNameRange     '2.0.0',
184 silly addNameRange     '2.0.1',
184 silly addNameRange     '2.0.2',
184 silly addNameRange     '2.0.3',
184 silly addNameRange     '2.0.4',
184 silly addNameRange     '2.0.5',
184 silly addNameRange     '2.0.6',
184 silly addNameRange     '2.0.7',
184 silly addNameRange     '2.0.8',
184 silly addNameRange     '2.0.9',
184 silly addNameRange     '2.1.0',
184 silly addNameRange     '2.2.0',
184 silly addNameRange     '2.2.1',
184 silly addNameRange     '2.3.0',
184 silly addNameRange     '2.3.1',
184 silly addNameRange     '2.3.2',
184 silly addNameRange     '2.3.3' ] ]
185 silly addNamed nan@1.7.0
186 verbose addNamed "1.7.0" is a plain semver version for nan
187 silly cache afterAdd nan@1.7.0
188 verbose afterAdd /Users/perriadams/.npm/nan/1.7.0/package/package.json not in flight; writing
189 verbose correctMkdir /Users/perriadams/.npm correctMkdir not in flight; initializing
190 verbose afterAdd /Users/perriadams/.npm/nan/1.7.0/package/package.json written
191 silly loadAllDepsIntoIdealTree Finishing
192 silly idealTree:prePrune pizzadash@1.0.0
192 silly idealTree:prePrune ├── ansi-regex@2.0.0
192 silly idealTree:prePrune ├── ansi-styles@2.2.1
192 silly idealTree:prePrune ├── asn1@0.2.3
192 silly idealTree:prePrune ├── assert-plus@0.2.0
192 silly idealTree:prePrune ├── async@1.5.2
192 silly idealTree:prePrune ├── aws-sign2@0.6.0
192 silly idealTree:prePrune ├── aws4@1.4.1
192 silly idealTree:prePrune ├── balanced-match@0.4.1
192 silly idealTree:prePrune ├── bl@1.1.2
192 silly idealTree:prePrune ├── boom@2.10.1
192 silly idealTree:prePrune ├── brace-expansion@1.1.4
192 silly idealTree:prePrune ├── caseless@0.11.0
192 silly idealTree:prePrune ├── chalk@1.1.3
192 silly idealTree:prePrune ├── colors@0.6.2
192 silly idealTree:prePrune ├── combined-stream@1.0.5
192 silly idealTree:prePrune ├── commander@2.9.0
192 silly idealTree:prePrune ├── concat-map@0.0.1
192 silly idealTree:prePrune ├── core-util-is@1.0.2
192 silly idealTree:prePrune ├── cryptiles@2.0.5
192 silly idealTree:prePrune ├── cycle@1.0.3
192 silly idealTree:prePrune ├─┬ dashdash@1.13.1
192 silly idealTree:prePrune │ └── assert-plus@1.0.0
192 silly idealTree:prePrune ├── deep-equal@1.0.1
192 silly idealTree:prePrune ├── delayed-stream@1.0.0
192 silly idealTree:prePrune ├── dominos@1.0.5
192 silly idealTree:prePrune ├── ecc-jsbn@0.1.1
192 silly idealTree:prePrune ├── escape-string-regexp@1.0.5
192 silly idealTree:prePrune ├── extend@3.0.0
192 silly idealTree:prePrune ├── extsprintf@1.0.2
192 silly idealTree:prePrune ├── eyes@0.1.8
192 silly idealTree:prePrune ├── forever-agent@0.6.1
192 silly idealTree:prePrune ├── form-data@1.0.0-rc4
192 silly idealTree:prePrune ├── generate-function@2.0.0
192 silly idealTree:prePrune ├── generate-object-property@1.2.0
192 silly idealTree:prePrune ├─┬ getpass@0.1.6
192 silly idealTree:prePrune │ └── assert-plus@1.0.0
192 silly idealTree:prePrune ├── glob@7.0.3
192 silly idealTree:prePrune ├── graceful-readlink@1.0.1
192 silly idealTree:prePrune ├── har-validator@2.0.6
192 silly idealTree:prePrune ├── has-ansi@2.0.0
192 silly idealTree:prePrune ├── hawk@3.1.3
192 silly idealTree:prePrune ├── hoek@2.16.3
192 silly idealTree:prePrune ├── http-signature@1.1.1
192 silly idealTree:prePrune ├── i@0.3.5
192 silly idealTree:prePrune ├── inflight@1.0.4
192 silly idealTree:prePrune ├── inherits@2.0.1
192 silly idealTree:prePrune ├── is-my-json-valid@2.13.1
192 silly idealTree:prePrune ├── is-property@1.0.2
192 silly idealTree:prePrune ├── is-typedarray@1.0.0
192 silly idealTree:prePrune ├── isarray@1.0.0
192 silly idealTree:prePrune ├── isstream@0.1.2
192 silly idealTree:prePrune ├── jodid25519@1.0.2
192 silly idealTree:prePrune ├── jsbn@0.1.0
192 silly idealTree:prePrune ├── json-schema@0.2.2
192 silly idealTree:prePrune ├── json-stringify-safe@5.0.1
192 silly idealTree:prePrune ├── jsonpointer@2.0.0
192 silly idealTree:prePrune ├── jsprim@1.2.2
192 silly idealTree:prePrune ├── mime-db@1.23.0
192 silly idealTree:prePrune ├── mime-types@2.1.11
192 silly idealTree:prePrune ├── minimatch@3.0.0
192 silly idealTree:prePrune ├── minimist@0.0.8
192 silly idealTree:prePrune ├── mkdirp@0.5.1
192 silly idealTree:prePrune ├── mute-stream@0.0.6
192 silly idealTree:prePrune ├── nan@1.6.2
192 silly idealTree:prePrune ├── ncp@0.4.2
192 silly idealTree:prePrune ├── node-dash-button@0.1.5
192 silly idealTree:prePrune ├── node-uuid@1.4.7
192 silly idealTree:prePrune ├── oauth-sign@0.8.2
192 silly idealTree:prePrune ├── once@1.3.3
192 silly idealTree:prePrune ├── path-is-absolute@1.0.0
192 silly idealTree:prePrune ├── pcap@2.0.1
192 silly idealTree:prePrune ├── pinkie-promise@2.0.1
192 silly idealTree:prePrune ├── pinkie@2.0.4
192 silly idealTree:prePrune ├── pkginfo@0.4.0
192 silly idealTree:prePrune ├── process-nextick-args@1.0.7
192 silly idealTree:prePrune ├── prompt@0.2.14
192 silly idealTree:prePrune ├── python-shell@0.4.0
192 silly idealTree:prePrune ├── qs@6.1.0
192 silly idealTree:prePrune ├── read@1.0.7
192 silly idealTree:prePrune ├── readable-stream@2.0.6
192 silly idealTree:prePrune ├── request@2.72.0
192 silly idealTree:prePrune ├── revalidator@0.1.8
192 silly idealTree:prePrune ├── rimraf@2.5.2
192 silly idealTree:prePrune ├── sntp@1.0.9
192 silly idealTree:prePrune ├─┬ socketwatcher@0.2.1
192 silly idealTree:prePrune │ └── nan@1.7.0
192 silly idealTree:prePrune ├─┬ sshpk@1.8.3
192 silly idealTree:prePrune │ └── assert-plus@1.0.0
192 silly idealTree:prePrune ├── stack-trace@0.0.9
192 silly idealTree:prePrune ├── string_decoder@0.10.31
192 silly idealTree:prePrune ├── stringstream@0.0.5
192 silly idealTree:prePrune ├── strip-ansi@3.0.1
192 silly idealTree:prePrune ├── supports-color@2.0.0
192 silly idealTree:prePrune ├── tough-cookie@2.2.2
192 silly idealTree:prePrune ├── tunnel-agent@0.4.3
192 silly idealTree:prePrune ├── tweetnacl@0.13.3
192 silly idealTree:prePrune ├── underscore@1.8.3
192 silly idealTree:prePrune ├── util-deprecate@1.0.2
192 silly idealTree:prePrune ├─┬ utile@0.2.1
192 silly idealTree:prePrune │ └── async@0.2.10
192 silly idealTree:prePrune ├── verror@1.3.6
192 silly idealTree:prePrune ├─┬ winston@0.8.3
192 silly idealTree:prePrune │ ├── async@0.2.10
192 silly idealTree:prePrune │ └── pkginfo@0.3.1
192 silly idealTree:prePrune ├── wrappy@1.0.1
192 silly idealTree:prePrune └── xtend@4.0.1
193 silly loadIdealTree Finishing
194 silly currentTree pizzadash@1.0.0
194 silly currentTree ├── ansi-regex@2.0.0
194 silly currentTree ├── ansi-styles@2.2.1
194 silly currentTree ├── asn1@0.2.3
194 silly currentTree ├── assert-plus@0.2.0
194 silly currentTree ├── async@1.5.2
194 silly currentTree ├── aws-sign2@0.6.0
194 silly currentTree ├── aws4@1.4.1
194 silly currentTree ├── balanced-match@0.4.1
194 silly currentTree ├── bl@1.1.2
194 silly currentTree ├── boom@2.10.1
194 silly currentTree ├── brace-expansion@1.1.4
194 silly currentTree ├── caseless@0.11.0
194 silly currentTree ├── chalk@1.1.3
194 silly currentTree ├── colors@0.6.2
194 silly currentTree ├── combined-stream@1.0.5
194 silly currentTree ├── commander@2.9.0
194 silly currentTree ├── concat-map@0.0.1
194 silly currentTree ├── core-util-is@1.0.2
194 silly currentTree ├── cryptiles@2.0.5
194 silly currentTree ├── cycle@1.0.3
194 silly currentTree ├─┬ dashdash@1.13.1
194 silly currentTree │ └── assert-plus@1.0.0
194 silly currentTree ├── deep-equal@1.0.1
194 silly currentTree ├── delayed-stream@1.0.0
194 silly currentTree ├── dominos@1.0.5
194 silly currentTree ├── ecc-jsbn@0.1.1
194 silly currentTree ├── escape-string-regexp@1.0.5
194 silly currentTree ├── extend@3.0.0
194 silly currentTree ├── extsprintf@1.0.2
194 silly currentTree ├── eyes@0.1.8
194 silly currentTree ├── forever-agent@0.6.1
194 silly currentTree ├── form-data@1.0.0-rc4
194 silly currentTree ├── generate-function@2.0.0
194 silly currentTree ├── generate-object-property@1.2.0
194 silly currentTree ├─┬ getpass@0.1.6
194 silly currentTree │ └── assert-plus@1.0.0
194 silly currentTree ├── glob@7.0.3
194 silly currentTree ├── graceful-readlink@1.0.1
194 silly currentTree ├── har-validator@2.0.6
194 silly currentTree ├── has-ansi@2.0.0
194 silly currentTree ├── hawk@3.1.3
194 silly currentTree ├── hoek@2.16.3
194 silly currentTree ├── http-signature@1.1.1
194 silly currentTree ├── i@0.3.5
194 silly currentTree ├── inflight@1.0.4
194 silly currentTree ├── inherits@2.0.1
194 silly currentTree ├── is-my-json-valid@2.13.1
194 silly currentTree ├── is-property@1.0.2
194 silly currentTree ├── is-typedarray@1.0.0
194 silly currentTree ├── isarray@1.0.0
194 silly currentTree ├── isstream@0.1.2
194 silly currentTree ├── jodid25519@1.0.2
194 silly currentTree ├── jsbn@0.1.0
194 silly currentTree ├── json-schema@0.2.2
194 silly currentTree ├── json-stringify-safe@5.0.1
194 silly currentTree ├── jsonpointer@2.0.0
194 silly currentTree ├── jsprim@1.2.2
194 silly currentTree ├── mime-db@1.23.0
194 silly currentTree ├── mime-types@2.1.11
194 silly currentTree ├── minimatch@3.0.0
194 silly currentTree ├── minimist@0.0.8
194 silly currentTree ├── mkdirp@0.5.1
194 silly currentTree ├── mute-stream@0.0.6
194 silly currentTree ├── nan@1.6.2
194 silly currentTree ├── ncp@0.4.2
194 silly currentTree ├── node-dash-button@0.1.5
194 silly currentTree ├── node-uuid@1.4.7
194 silly currentTree ├── oauth-sign@0.8.2
194 silly currentTree ├── once@1.3.3
194 silly currentTree ├── path-is-absolute@1.0.0
194 silly currentTree ├── pinkie-promise@2.0.1
194 silly currentTree ├── pinkie@2.0.4
194 silly currentTree ├── pkginfo@0.4.0
194 silly currentTree ├── process-nextick-args@1.0.7
194 silly currentTree ├── prompt@0.2.14
194 silly currentTree ├── qs@6.1.0
194 silly currentTree ├── read@1.0.7
194 silly currentTree ├── readable-stream@2.0.6
194 silly currentTree ├── request@2.72.0
194 silly currentTree ├── revalidator@0.1.8
194 silly currentTree ├── rimraf@2.5.2
194 silly currentTree ├── sntp@1.0.9
194 silly currentTree ├─┬ sshpk@1.8.3
194 silly currentTree │ └── assert-plus@1.0.0
194 silly currentTree ├── stack-trace@0.0.9
194 silly currentTree ├── string_decoder@0.10.31
194 silly currentTree ├── stringstream@0.0.5
194 silly currentTree ├── strip-ansi@3.0.1
194 silly currentTree ├── supports-color@2.0.0
194 silly currentTree ├── tough-cookie@2.2.2
194 silly currentTree ├── tunnel-agent@0.4.3
194 silly currentTree ├── tweetnacl@0.13.3
194 silly currentTree ├── underscore@1.8.3
194 silly currentTree ├── util-deprecate@1.0.2
194 silly currentTree ├─┬ utile@0.2.1
194 silly currentTree │ └── async@0.2.10
194 silly currentTree ├── verror@1.3.6
194 silly currentTree ├─┬ winston@0.8.3
194 silly currentTree │ ├── async@0.2.10
194 silly currentTree │ └── pkginfo@0.3.1
194 silly currentTree ├── wrappy@1.0.1
194 silly currentTree └── xtend@4.0.1
195 silly idealTree pizzadash@1.0.0
195 silly idealTree ├── ansi-regex@2.0.0
195 silly idealTree ├── ansi-styles@2.2.1
195 silly idealTree ├── asn1@0.2.3
195 silly idealTree ├── assert-plus@0.2.0
195 silly idealTree ├── async@1.5.2
195 silly idealTree ├── aws-sign2@0.6.0
195 silly idealTree ├── aws4@1.4.1
195 silly idealTree ├── balanced-match@0.4.1
195 silly idealTree ├── bl@1.1.2
195 silly idealTree ├── boom@2.10.1
195 silly idealTree ├── brace-expansion@1.1.4
195 silly idealTree ├── caseless@0.11.0
195 silly idealTree ├── chalk@1.1.3
195 silly idealTree ├── colors@0.6.2
195 silly idealTree ├── combined-stream@1.0.5
195 silly idealTree ├── commander@2.9.0
195 silly idealTree ├── concat-map@0.0.1
195 silly idealTree ├── core-util-is@1.0.2
195 silly idealTree ├── cryptiles@2.0.5
195 silly idealTree ├── cycle@1.0.3
195 silly idealTree ├─┬ dashdash@1.13.1
195 silly idealTree │ └── assert-plus@1.0.0
195 silly idealTree ├── deep-equal@1.0.1
195 silly idealTree ├── delayed-stream@1.0.0
195 silly idealTree ├── dominos@1.0.5
195 silly idealTree ├── ecc-jsbn@0.1.1
195 silly idealTree ├── escape-string-regexp@1.0.5
195 silly idealTree ├── extend@3.0.0
195 silly idealTree ├── extsprintf@1.0.2
195 silly idealTree ├── eyes@0.1.8
195 silly idealTree ├── forever-agent@0.6.1
195 silly idealTree ├── form-data@1.0.0-rc4
195 silly idealTree ├── generate-function@2.0.0
195 silly idealTree ├── generate-object-property@1.2.0
195 silly idealTree ├─┬ getpass@0.1.6
195 silly idealTree │ └── assert-plus@1.0.0
195 silly idealTree ├── glob@7.0.3
195 silly idealTree ├── graceful-readlink@1.0.1
195 silly idealTree ├── har-validator@2.0.6
195 silly idealTree ├── has-ansi@2.0.0
195 silly idealTree ├── hawk@3.1.3
195 silly idealTree ├── hoek@2.16.3
195 silly idealTree ├── http-signature@1.1.1
195 silly idealTree ├── i@0.3.5
195 silly idealTree ├── inflight@1.0.4
195 silly idealTree ├── inherits@2.0.1
195 silly idealTree ├── is-my-json-valid@2.13.1
195 silly idealTree ├── is-property@1.0.2
195 silly idealTree ├── is-typedarray@1.0.0
195 silly idealTree ├── isarray@1.0.0
195 silly idealTree ├── isstream@0.1.2
195 silly idealTree ├── jodid25519@1.0.2
195 silly idealTree ├── jsbn@0.1.0
195 silly idealTree ├── json-schema@0.2.2
195 silly idealTree ├── json-stringify-safe@5.0.1
195 silly idealTree ├── jsonpointer@2.0.0
195 silly idealTree ├── jsprim@1.2.2
195 silly idealTree ├── mime-db@1.23.0
195 silly idealTree ├── mime-types@2.1.11
195 silly idealTree ├── minimatch@3.0.0
195 silly idealTree ├── minimist@0.0.8
195 silly idealTree ├── mkdirp@0.5.1
195 silly idealTree ├── mute-stream@0.0.6
195 silly idealTree ├── nan@1.6.2
195 silly idealTree ├── ncp@0.4.2
195 silly idealTree ├── node-dash-button@0.1.5
195 silly idealTree ├── node-uuid@1.4.7
195 silly idealTree ├── oauth-sign@0.8.2
195 silly idealTree ├── once@1.3.3
195 silly idealTree ├── path-is-absolute@1.0.0
195 silly idealTree ├── pcap@2.0.1
195 silly idealTree ├── pinkie-promise@2.0.1
195 silly idealTree ├── pinkie@2.0.4
195 silly idealTree ├── pkginfo@0.4.0
195 silly idealTree ├── process-nextick-args@1.0.7
195 silly idealTree ├── prompt@0.2.14
195 silly idealTree ├── python-shell@0.4.0
195 silly idealTree ├── qs@6.1.0
195 silly idealTree ├── read@1.0.7
195 silly idealTree ├── readable-stream@2.0.6
195 silly idealTree ├── request@2.72.0
195 silly idealTree ├── revalidator@0.1.8
195 silly idealTree ├── rimraf@2.5.2
195 silly idealTree ├── sntp@1.0.9
195 silly idealTree ├─┬ socketwatcher@0.2.1
195 silly idealTree │ └── nan@1.7.0
195 silly idealTree ├─┬ sshpk@1.8.3
195 silly idealTree │ └── assert-plus@1.0.0
195 silly idealTree ├── stack-trace@0.0.9
195 silly idealTree ├── string_decoder@0.10.31
195 silly idealTree ├── stringstream@0.0.5
195 silly idealTree ├── strip-ansi@3.0.1
195 silly idealTree ├── supports-color@2.0.0
195 silly idealTree ├── tough-cookie@2.2.2
195 silly idealTree ├── tunnel-agent@0.4.3
195 silly idealTree ├── tweetnacl@0.13.3
195 silly idealTree ├── underscore@1.8.3
195 silly idealTree ├── util-deprecate@1.0.2
195 silly idealTree ├─┬ utile@0.2.1
195 silly idealTree │ └── async@0.2.10
195 silly idealTree ├── verror@1.3.6
195 silly idealTree ├─┬ winston@0.8.3
195 silly idealTree │ ├── async@0.2.10
195 silly idealTree │ └── pkginfo@0.3.1
195 silly idealTree ├── wrappy@1.0.1
195 silly idealTree └── xtend@4.0.1
196 silly generateActionsToTake Starting
197 silly install generateActionsToTake
198 silly generateActionsToTake Finishing
199 silly diffTrees action count 4
200 silly diffTrees add nan@1.7.0
201 silly diffTrees add socketwatcher@0.2.1
202 silly diffTrees add pcap@2.0.1
203 silly diffTrees add python-shell@0.4.0
204 silly decomposeActions action count 32
205 silly decomposeActions fetch nan@1.7.0
206 silly decomposeActions extract nan@1.7.0
207 silly decomposeActions test nan@1.7.0
208 silly decomposeActions preinstall nan@1.7.0
209 silly decomposeActions build nan@1.7.0
210 silly decomposeActions install nan@1.7.0
211 silly decomposeActions postinstall nan@1.7.0
212 silly decomposeActions finalize nan@1.7.0
213 silly decomposeActions fetch socketwatcher@0.2.1
214 silly decomposeActions extract socketwatcher@0.2.1
215 silly decomposeActions test socketwatcher@0.2.1
216 silly decomposeActions preinstall socketwatcher@0.2.1
217 silly decomposeActions build socketwatcher@0.2.1
218 silly decomposeActions install socketwatcher@0.2.1
219 silly decomposeActions postinstall socketwatcher@0.2.1
220 silly decomposeActions finalize socketwatcher@0.2.1
221 silly decomposeActions fetch pcap@2.0.1
222 silly decomposeActions extract pcap@2.0.1
223 silly decomposeActions test pcap@2.0.1
224 silly decomposeActions preinstall pcap@2.0.1
225 silly decomposeActions build pcap@2.0.1
226 silly decomposeActions install pcap@2.0.1
227 silly decomposeActions postinstall pcap@2.0.1
228 silly decomposeActions finalize pcap@2.0.1
229 silly decomposeActions fetch python-shell@0.4.0
230 silly decomposeActions extract python-shell@0.4.0
231 silly decomposeActions test python-shell@0.4.0
232 silly decomposeActions preinstall python-shell@0.4.0
233 silly decomposeActions build python-shell@0.4.0
234 silly decomposeActions install python-shell@0.4.0
235 silly decomposeActions postinstall python-shell@0.4.0
236 silly decomposeActions finalize python-shell@0.4.0
237 silly executeActions Starting
238 silly install executeActions
239 silly doSerial global-install 0
240 silly doParallel fetch 4
241 verbose correctMkdir /Users/perriadams/.npm/_locks correctMkdir not in flight; initializing
242 verbose lock using /Users/perriadams/.npm/_locks/staging-fd1f52bb909e033d.lock for /Users/perriadams/Dropbox/OpenSource/node_modules/.staging
243 silly doParallel extract 4
244 silly extract nan@1.7.0
245 silly extract socketwatcher@0.2.1
246 silly extract pcap@2.0.1
247 silly extract python-shell@0.4.0
248 verbose unbuild node_modules/.staging/nan-dace9ffc
249 verbose unbuild node_modules/.staging/socketwatcher-8c535c75
250 verbose unbuild node_modules/.staging/pcap-6dc8783f
251 verbose unbuild node_modules/.staging/python-shell-fb2c14f7
252 silly gentlyRm /Users/perriadams/Dropbox/OpenSource/node_modules/.staging/nan-dace9ffc is being purged from base /Users/perriadams/Dropbox/OpenSource
253 verbose gentlyRm don't care about contents; nuking /Users/perriadams/Dropbox/OpenSource/node_modules/.staging/nan-dace9ffc
254 silly gentlyRm /Users/perriadams/Dropbox/OpenSource/node_modules/.staging/socketwatcher-8c535c75 is being purged from base /Users/perriadams/Dropbox/OpenSource
255 verbose gentlyRm don't care about contents; nuking /Users/perriadams/Dropbox/OpenSource/node_modules/.staging/socketwatcher-8c535c75
256 silly gentlyRm /Users/perriadams/Dropbox/OpenSource/node_modules/.staging/pcap-6dc8783f is being purged from base /Users/perriadams/Dropbox/OpenSource
257 verbose gentlyRm don't care about contents; nuking /Users/perriadams/Dropbox/OpenSource/node_modules/.staging/pcap-6dc8783f
258 silly gentlyRm /Users/perriadams/Dropbox/OpenSource/node_modules/.staging/python-shell-fb2c14f7 is being purged from base /Users/perriadams/Dropbox/OpenSource
259 verbose gentlyRm don't care about contents; nuking /Users/perriadams/Dropbox/OpenSource/node_modules/.staging/python-shell-fb2c14f7
260 verbose tar unpack /Users/perriadams/.npm/nan/1.7.0/package.tgz
261 verbose tar unpacking to /Users/perriadams/Dropbox/OpenSource/node_modules/.staging/nan-dace9ffc
262 silly gentlyRm /Users/perriadams/Dropbox/OpenSource/node_modules/.staging/nan-dace9ffc is being purged
263 verbose gentlyRm don't care about contents; nuking /Users/perriadams/Dropbox/OpenSource/node_modules/.staging/nan-dace9ffc
264 verbose tar unpack /Users/perriadams/.npm/socketwatcher/0.2.1/package.tgz
265 verbose tar unpacking to /Users/perriadams/Dropbox/OpenSource/node_modules/.staging/socketwatcher-8c535c75
266 silly gentlyRm /Users/perriadams/Dropbox/OpenSource/node_modules/.staging/socketwatcher-8c535c75 is being purged
267 verbose gentlyRm don't care about contents; nuking /Users/perriadams/Dropbox/OpenSource/node_modules/.staging/socketwatcher-8c535c75
268 verbose tar unpack /Users/perriadams/.npm/pcap/2.0.1/package.tgz
269 verbose tar unpacking to /Users/perriadams/Dropbox/OpenSource/node_modules/.staging/pcap-6dc8783f
270 silly gentlyRm /Users/perriadams/Dropbox/OpenSource/node_modules/.staging/pcap-6dc8783f is being purged
271 verbose gentlyRm don't care about contents; nuking /Users/perriadams/Dropbox/OpenSource/node_modules/.staging/pcap-6dc8783f
272 verbose tar unpack /Users/perriadams/.npm/python-shell/0.4.0/package.tgz
273 verbose tar unpacking to /Users/perriadams/Dropbox/OpenSource/node_modules/.staging/python-shell-fb2c14f7
274 silly gentlyRm /Users/perriadams/Dropbox/OpenSource/node_modules/.staging/python-shell-fb2c14f7 is being purged
275 verbose gentlyRm don't care about contents; nuking /Users/perriadams/Dropbox/OpenSource/node_modules/.staging/python-shell-fb2c14f7
276 silly gunzTarPerm modes [ '755', '644' ]
277 silly gunzTarPerm modes [ '755', '644' ]
278 silly gunzTarPerm modes [ '755', '644' ]
279 silly gunzTarPerm modes [ '755', '644' ]
280 silly gunzTarPerm extractEntry package.json
281 silly gunzTarPerm modified mode [ 'package.json', 436, 420 ]
282 silly gunzTarPerm extractEntry package.json
283 silly gunzTarPerm extractEntry package.json
284 silly gunzTarPerm extractEntry package.json
285 silly gunzTarPerm extractEntry include_dirs.js
286 silly gunzTarPerm modified mode [ 'include_dirs.js', 436, 420 ]
287 silly gunzTarPerm extractEntry LICENSE.md
288 silly gunzTarPerm modified mode [ 'LICENSE.md', 436, 420 ]
289 silly gunzTarPerm extractEntry .npmignore
290 silly gunzTarPerm extractEntry README.md
291 silly gunzTarPerm extractEntry .npmignore
292 silly gunzTarPerm extractEntry README.md
293 silly gunzTarPerm extractEntry .npmignore
294 silly gunzTarPerm extractEntry README.md
295 silly gunzTarPerm extractEntry LICENSE
296 silly gunzTarPerm extractEntry binding.gyp
297 silly gunzTarPerm extractEntry util.js
298 silly gunzTarPerm extractEntry .dntrc
299 silly gunzTarPerm modified mode [ '.dntrc', 436, 420 ]
300 silly gunzTarPerm extractEntry appveyor.yml
301 silly gunzTarPerm modified mode [ 'appveyor.yml', 436, 420 ]
302 silly gunzTarPerm extractEntry index.js
303 silly gunzTarPerm extractEntry .jshintrc
304 silly gunzTarPerm extractEntry CHANGELOG.md
305 silly gunzTarPerm extractEntry test/test-python-shell.js
306 silly gunzTarPerm extractEntry test/.jshintrc
307 silly gunzTarPerm extractEntry test/python/echo_args.py
308 silly gunzTarPerm extractEntry test/python/echo_binary.py
309 silly gunzTarPerm extractEntry test/python/echo_json.py
310 silly gunzTarPerm extractEntry test/python/echo_text.py
311 silly gunzTarPerm extractEntry test/python/error.py
312 silly gunzTarPerm extractEntry test/python/exit-code.py
313 silly gunzTarPerm extractEntry socket_watcher.cpp
314 silly gunzTarPerm extractEntry socket_watcher.hpp
315 silly gunzTarPerm extractEntry nan.h
316 silly gunzTarPerm modified mode [ 'nan.h', 436, 420 ]
317 silly gunzTarPerm extractEntry nan_implementation_12_inl.h
318 silly gunzTarPerm modified mode [ 'nan_implementation_12_inl.h', 436, 420 ]
319 silly gunzTarPerm extractEntry nan_implementation_pre_12_inl.h
320 silly gunzTarPerm modified mode [ 'nan_implementation_pre_12_inl.h', 436, 420 ]
321 silly gunzTarPerm extractEntry nan_new.h
322 silly gunzTarPerm modified mode [ 'nan_new.h', 436, 420 ]
323 silly gunzTarPerm extractEntry nan_string_bytes.h
324 silly gunzTarPerm modified mode [ 'nan_string_bytes.h', 436, 420 ]
325 silly gunzTarPerm extractEntry CHANGELOG.md
326 silly gunzTarPerm modified mode [ 'CHANGELOG.md', 436, 420 ]
327 silly gunzTarPerm extractEntry dns_cache.js
328 silly gunzTarPerm extractEntry pcap.js
329 silly gunzTarPerm extractEntry tcp_tracker.js
330 silly gunzTarPerm extractEntry test.js
331 silly gunzTarPerm extractEntry wscript
332 silly gunzTarPerm extractEntry changelog.md
333 silly gunzTarPerm extractEntry decode/arp.js
334 silly gunzTarPerm extractEntry decode/ipv4_addr.js
335 silly gunzTarPerm extractEntry decode/ipv6.js
336 silly gunzTarPerm extractEntry decode/ipv6_addr.js
337 silly gunzTarPerm extractEntry decode/ipv4.js
338 silly gunzTarPerm extractEntry decode/null_packet.js
339 silly gunzTarPerm extractEntry decode/pcap_packet.js
340 silly gunzTarPerm extractEntry decode/radio_frame.js
341 silly gunzTarPerm extractEntry decode/radio_packet.js
342 silly gunzTarPerm extractEntry decode/raw_packet.js
343 silly gunzTarPerm extractEntry decode/index.js
344 silly gentlyRm /Users/perriadams/Dropbox/OpenSource/node_modules/.staging/socketwatcher-8c535c75/node_modules is being purged
345 verbose gentlyRm don't care about contents; nuking /Users/perriadams/Dropbox/OpenSource/node_modules/.staging/socketwatcher-8c535c75/node_modules
346 silly gunzTarPerm extractEntry decode/sll_addr.js
347 silly gunzTarPerm extractEntry decode/igmp.js
348 silly gunzTarPerm extractEntry decode/sll_packet.js
349 silly gunzTarPerm extractEntry decode/icmp.js
350 silly gunzTarPerm extractEntry decode/tcp.js
351 silly gunzTarPerm extractEntry decode/ethernet_packet.js
352 silly gentlyRm /Users/perriadams/Dropbox/OpenSource/node_modules/.staging/nan-dace9ffc/node_modules is being purged
353 verbose gentlyRm don't care about contents; nuking /Users/perriadams/Dropbox/OpenSource/node_modules/.staging/nan-dace9ffc/node_modules
354 silly gunzTarPerm extractEntry decode/udp.js
355 silly gunzTarPerm extractEntry decode/ethernet_addr.js
356 silly gunzTarPerm extractEntry decode/vlan.js
357 silly gunzTarPerm extractEntry decode/dns.js
358 silly gunzTarPerm extractEntry decode/websocket.js
359 silly gunzTarPerm extractEntry decode/llc_packet.js
360 silly gentlyRm /Users/perriadams/Dropbox/OpenSource/node_modules/.staging/python-shell-fb2c14f7/node_modules is being purged
361 verbose gentlyRm don't care about contents; nuking /Users/perriadams/Dropbox/OpenSource/node_modules/.staging/python-shell-fb2c14f7/node_modules
362 silly gunzTarPerm extractEntry .jshintrc
363 silly gunzTarPerm extractEntry node_ko_article.md
364 silly gunzTarPerm extractEntry test.js~
365 silly gunzTarPerm extractEntry .jshintrc~
366 silly gunzTarPerm extractEntry pcap_binding.cc
367 silly gunzTarPerm extractEntry pcap_session.cc
368 silly gunzTarPerm extractEntry pcap_session.h
369 silly gunzTarPerm extractEntry binding.gyp
370 silly gunzTarPerm extractEntry examples/decode_bench.js
371 silly gunzTarPerm extractEntry examples/network_grep.js
372 silly gunzTarPerm extractEntry examples/jquery.min.js
373 silly gunzTarPerm extractEntry examples/jquery.flot.js
374 silly gunzTarPerm extractEntry examples/dns.js
375 silly gunzTarPerm extractEntry examples/inject.js
376 silly gunzTarPerm extractEntry examples/multiple_interfaces
377 silly gunzTarPerm extractEntry examples/favicon.ico
378 silly gunzTarPerm extractEntry examples/index.html
379 silly gunzTarPerm extractEntry examples/dns3.pcap
380 silly gunzTarPerm extractEntry examples/dns2.pcap
381 silly gunzTarPerm extractEntry examples/dns.pcap
382 silly gunzTarPerm extractEntry examples/http_trace
383 silly gunzTarPerm extractEntry examples/dns.js~
384 silly gunzTarPerm extractEntry examples/one.pcap
385 silly gunzTarPerm extractEntry examples/simple_capture
386 silly gunzTarPerm extractEntry examples/speed_server
387 silly gunzTarPerm extractEntry examples/tcp_metrics
388 silly gentlyRm /Users/perriadams/Dropbox/OpenSource/node_modules/.staging/pcap-6dc8783f/node_modules is being purged
389 verbose gentlyRm don't care about contents; nuking /Users/perriadams/Dropbox/OpenSource/node_modules/.staging/pcap-6dc8783f/node_modules
390 silly doParallel preinstall 4
391 silly preinstall nan@1.7.0 /Users/perriadams/Dropbox/OpenSource/node_modules/.staging/nan-dace9ffc
392 info lifecycle nan@1.7.0~preinstall: nan@1.7.0
393 silly preinstall socketwatcher@0.2.1 /Users/perriadams/Dropbox/OpenSource/node_modules/.staging/socketwatcher-8c535c75
394 info lifecycle socketwatcher@0.2.1~preinstall: socketwatcher@0.2.1
395 silly preinstall pcap@2.0.1 /Users/perriadams/Dropbox/OpenSource/node_modules/.staging/pcap-6dc8783f
396 info lifecycle pcap@2.0.1~preinstall: pcap@2.0.1
397 silly preinstall python-shell@0.4.0 /Users/perriadams/Dropbox/OpenSource/node_modules/.staging/python-shell-fb2c14f7
398 info lifecycle python-shell@0.4.0~preinstall: python-shell@0.4.0
399 silly lifecycle nan@1.7.0~preinstall: no script for preinstall, continuing
400 silly lifecycle socketwatcher@0.2.1~preinstall: no script for preinstall, continuing
401 silly lifecycle pcap@2.0.1~preinstall: no script for preinstall, continuing
402 silly lifecycle python-shell@0.4.0~preinstall: no script for preinstall, continuing
403 silly doReverseSerial remove 0
404 silly doSerial move 0
405 silly doSerial finalize 4
406 silly finalize /Users/perriadams/Dropbox/OpenSource/node_modules/socketwatcher/node_modules/nan
407 silly finalize /Users/perriadams/Dropbox/OpenSource/node_modules/socketwatcher
408 silly finalize /Users/perriadams/Dropbox/OpenSource/node_modules/pcap
409 silly finalize /Users/perriadams/Dropbox/OpenSource/node_modules/python-shell
410 silly doSerial build 4
411 silly build nan@1.7.0
412 info linkStuff nan@1.7.0
413 silly linkStuff nan@1.7.0 has /Users/perriadams/Dropbox/OpenSource/node_modules/socketwatcher/node_modules as its parent node_modules
414 verbose linkBins nan@1.7.0
415 verbose linkMans nan@1.7.0
416 silly build socketwatcher@0.2.1
417 info linkStuff socketwatcher@0.2.1
418 silly linkStuff socketwatcher@0.2.1 has /Users/perriadams/Dropbox/OpenSource/node_modules as its parent node_modules
419 verbose linkBins socketwatcher@0.2.1
420 verbose linkMans socketwatcher@0.2.1
421 silly build pcap@2.0.1
422 info linkStuff pcap@2.0.1
423 silly linkStuff pcap@2.0.1 has /Users/perriadams/Dropbox/OpenSource/node_modules as its parent node_modules
424 verbose linkBins pcap@2.0.1
425 verbose linkMans pcap@2.0.1
426 silly build python-shell@0.4.0
427 info linkStuff python-shell@0.4.0
428 silly linkStuff python-shell@0.4.0 has /Users/perriadams/Dropbox/OpenSource/node_modules as its parent node_modules
429 verbose linkBins python-shell@0.4.0
430 verbose linkMans python-shell@0.4.0
431 silly doSerial global-link 0
432 silly doParallel update-linked 0
433 silly doSerial install 4
434 silly install nan@1.7.0 /Users/perriadams/Dropbox/OpenSource/node_modules/.staging/nan-dace9ffc
435 info lifecycle nan@1.7.0~install: nan@1.7.0
436 silly lifecycle nan@1.7.0~install: no script for install, continuing
437 silly install socketwatcher@0.2.1 /Users/perriadams/Dropbox/OpenSource/node_modules/.staging/socketwatcher-8c535c75
438 info lifecycle socketwatcher@0.2.1~install: socketwatcher@0.2.1
439 verbose lifecycle socketwatcher@0.2.1~install: unsafe-perm in lifecycle true
440 verbose lifecycle socketwatcher@0.2.1~install: PATH: /usr/local/lib/node_modules/npm/bin/node-gyp-bin:/Users/perriadams/Dropbox/OpenSource/node_modules/socketwatcher/node_modules/.bin:/Users/perriadams/Dropbox/OpenSource/node_modules/.bin:/usr/local/Cellar/node/5.11.0/bin:/usr/local/bin:/usr/bin:/bin:/usr/sbin:/sbin:/Users/perriadams/BashStuff/DrMemory/bin:/usr/texbin
441 verbose lifecycle socketwatcher@0.2.1~install: CWD: /Users/perriadams/Dropbox/OpenSource/node_modules/socketwatcher
442 silly lifecycle socketwatcher@0.2.1~install: Args: [ '-c', 'node-gyp rebuild' ]
443 silly lifecycle socketwatcher@0.2.1~install: Returned: code: 1  signal: null
444 info lifecycle socketwatcher@0.2.1~install: Failed to exec install script
445 verbose unlock done using /Users/perriadams/.npm/_locks/staging-fd1f52bb909e033d.lock for /Users/perriadams/Dropbox/OpenSource/node_modules/.staging
446 silly rollbackFailedOptional Starting
447 silly rollbackFailedOptional Finishing
448 silly runTopLevelLifecycles Starting
449 silly runTopLevelLifecycles Finishing
450 silly install printInstalled
451 verbose stack Error: socketwatcher@0.2.1 install: `node-gyp rebuild`
451 verbose stack Exit status 1
451 verbose stack     at EventEmitter.<anonymous> (/usr/local/lib/node_modules/npm/lib/utils/lifecycle.js:239:16)
451 verbose stack     at emitTwo (events.js:100:13)
451 verbose stack     at EventEmitter.emit (events.js:185:7)
451 verbose stack     at ChildProcess.<anonymous> (/usr/local/lib/node_modules/npm/lib/utils/spawn.js:24:14)
451 verbose stack     at emitTwo (events.js:100:13)
451 verbose stack     at ChildProcess.emit (events.js:185:7)
451 verbose stack     at maybeClose (internal/child_process.js:850:16)
451 verbose stack     at Process.ChildProcess._handle.onexit (internal/child_process.js:215:5)
452 verbose pkgid socketwatcher@0.2.1
453 verbose cwd /Users/perriadams/Dropbox/OpenSource/csci2963_mongodb_lab
454 error Darwin 15.4.0
455 error argv "/usr/local/Cellar/node/5.11.0/bin/node" "/usr/local/bin/npm" "install" "python-shell"
456 error node v5.11.0
457 error npm  v3.8.6
458 error code ELIFECYCLE
459 error socketwatcher@0.2.1 install: `node-gyp rebuild`
459 error Exit status 1
460 error Failed at the socketwatcher@0.2.1 install script 'node-gyp rebuild'.
460 error Make sure you have the latest version of node.js and npm installed.
460 error If you do, this is most likely a problem with the socketwatcher package,
460 error not with npm itself.
460 error Tell the author that this fails on your system:
460 error     node-gyp rebuild
460 error You can get information on how to open an issue for this project with:
460 error     npm bugs socketwatcher
460 error Or if that isn't available, you can get their info via:
460 error     npm owner ls socketwatcher
460 error There is likely additional logging output above.
461 verbose exit [ 1, true ]
